2023-11-19T07:02:21+00:00 DEBUG POST: https://ads.tiktok.com/marketing_api/api/developer/app/create_auto_approve/

{"business_platform":"PROD","smb_id":"tt4b_woocommerce_6559b2fd0dda3httplocalhostEcommerceShopwp-admin","smb_name":"PROD","redirect_url":"http:\/\/localhost\/EcommerceShop\/wp-admin\/"}
 ajax: no
2023-11-19T07:02:21+00:00 DEBUG Tt4b_Mapi_Class::create_open_source_app: Response: 

HTTP/1.1 200 OK
Server: TLB
Content-Type: application/json
X-Tt-Logid: 2023111907022088A0E2F34AEB389797EB,2023111907022088A0E2F34AEB389797EB
Strict-Transport-Security: max-age=31536000; includeSubDomains
Server-Timing: inner; dur=138
x-tt-trace-host: 01110f58728af0adf7bd7ec484f45be6962b3fc11c9c0657a12953edacb44c4759eb5f58abf2b3b07537cb51779171ac965b35a46f8801ec9b34b7f7d6dd6791c83a95676ed7e7443c4cee52868d6dee7bac9146d4ad251941b1b1c396b758a6a6
Content-Encoding: gzip
Date: Sun, 19 Nov 2023 07:02:21 GMT
Content-Length: 213
X-Cache: TCP_MISS from a23-48-172-148.deploy.akamaitechnologies.com (AkamaiGHost/11.3.2.1-52518411) (-)
Connection: close
Vary: Accept-Encoding
x-tt-trace-tag: id=16;cdn-cache=miss;type=dyn
Server-Timing: cdn-cache; desc=MISS, edge; dur=2, origin; dur=152
X-Origin-Response-Time: 152,23.48.172.148
X-Akamai-Request-ID: 2e227986

{"code":0,"msg":"ok","data":{"redirect_uri":"http:\/\/localhost\/EcommerceShop\/wp-admin\/","app_id":"7303065073688576001","app_secret":"86f6146ded96503ede2b61449eacaa03d533faef","external_data_key":"9f37540c-e049-4acd-9612-5ddc0e77b422"}}

2023-11-19T07:14:44+00:00 DEBUG tt4b_product_delete: missing access token for tt4b_product_sync
2023-11-19T07:25:26+00:00 DEBUG Tt4b_Pixel_Class::inject_view_content_event: hit ViewContent
2023-11-19T07:25:26+00:00 DEBUG Tt4b_Pixel_Class::inject_view_content_event: Missing option "access_token"
2023-11-19T07:27:24+00:00 DEBUG Tt4b_Pixel_Class::inject_view_content_event: hit ViewContent
2023-11-19T07:27:24+00:00 DEBUG Tt4b_Pixel_Class::inject_view_content_event: Missing option "access_token"
2023-11-19T07:29:17+00:00 DEBUG Tt4b_Pixel_Class::inject_view_content_event: hit ViewContent
2023-11-19T07:29:17+00:00 DEBUG Tt4b_Pixel_Class::inject_view_content_event: Missing option "access_token"
2023-11-19T07:42:58+00:00 DEBUG Tt4b_Pixel_Class::inject_view_content_event: hit ViewContent
2023-11-19T07:42:58+00:00 DEBUG Tt4b_Pixel_Class::inject_view_content_event: Missing option "access_token"
2023-11-19T07:45:39+00:00 DEBUG tt4b_product_delete: missing access token for tt4b_product_sync
2023-11-19T07:45:45+00:00 DEBUG tt4b_product_delete: missing access token for tt4b_product_sync
2023-11-19T08:13:25+00:00 DEBUG Tt4b_Pixel_Class::inject_view_content_event: hit ViewContent
2023-11-19T08:13:25+00:00 DEBUG Tt4b_Pixel_Class::inject_view_content_event: Missing option "access_token"
2023-11-19T08:22:02+00:00 DEBUG Tt4b_Pixel_Class::inject_view_content_event: hit ViewContent
2023-11-19T08:22:02+00:00 DEBUG Tt4b_Pixel_Class::inject_view_content_event: Missing option "access_token"
2023-11-19T09:02:39+00:00 DEBUG Tt4b_Pixel_Class::inject_view_content_event: hit ViewContent
2023-11-19T09:02:39+00:00 DEBUG Tt4b_Pixel_Class::inject_view_content_event: Missing option "access_token"
2023-11-19T09:11:24+00:00 DEBUG Tt4b_Pixel_Class::inject_add_to_cart_event: hit AddToCart
2023-11-19T09:11:24+00:00 DEBUG Tt4b_Pixel_Class::inject_add_to_cart_event: Missing option "access_token"
